-------------------- Log Start | Fri Nov 24 11:23:04 2023 --------------------
data_path: /home/pi/printer_data
is_default_data_path: False
config_file: /home/pi/printer_data/config/moonraker.conf
startup_warnings: []
verbose: False
debug: False
asyncio_debug: False
is_backup_config: False
is_python_package: True
instance_uuid: 470bf3a877e04fd4a77af1ec51c5c53f
unix_socket_path: /home/pi/printer_data/comms/moonraker.sock
software_version: v0.8.0-204-gfb15b2a
git_branch: master
git_remote: origin
git_repo_url: https://github.com/Arksine/moonraker.git
modified_files: []
unofficial_components: []
log_file: /home/pi/printer_data/logs/moonraker.log
python_version: 3.9.2 (default, Mar 12 2021, 04:06:34)  [GCC 10.2.1 20210110]
msgspec_enabled: False
uvloop_enabled: False

#################### Moonraker Configuration ####################

[server]
host = 0.0.0.0
port = 7125
klippy_uds_address = /home/pi/printer_data/comms/klippy.sock

[authorization]
trusted_clients = 
	10.0.0.0/8
	127.0.0.0/8
	127.0.0.1
	169.254.0.0/16
	172.16.0.0/12
	192.168.0.0/16
	192.168.1.53
	FE80::/10
	::1/128
cors_domains = 
	*.lan
	*.local
	*://localhost
	*://localhost:*
	*://my.mainsail.xyz
	*://app.fluidd.xyz

[octoprint_compat]

[history]

[timelapse]

[file_manager]
enable_object_processing = True

[update_manager]
channel = dev
refresh_interval = 168

[update_manager fluidd]
type = web
channel = stable
repo = fluidd-core/fluidd
path = ~/fluidd

[update_manager KlipperScreen]
type = git_repo
path = ~/KlipperScreen
origin = https://github.com/jordanruthe/KlipperScreen.git
env = ~/.KlipperScreen-env/bin/python
requirements = scripts/KlipperScreen-requirements.txt
install_script = scripts/KlipperScreen-install.sh
managed_services = KlipperScreen

[update_manager timelapse]
type = git_repo
primary_branch = main
path = ~/moonraker-timelapse
origin = https://github.com/mainsail-crew/moonraker-timelapse.git
managed_services = klipper moonraker

[update_manager crowsnest]
type = git_repo
path = ~/crowsnest
origin = https://github.com/mainsail-crew/crowsnest.git
managed_services = crowsnest
install_script = tools/pkglist.sh

[update_manager mainsail]
type = web
channel = stable
repo = mainsail-crew/mainsail
path = ~/mainsail

#################################################################
All Configuration Files:
/home/pi/printer_data/config/moonraker.conf
#################################################################
Unsafe Shutdown Count: 13

System Info:

***python***
  version: (3, 9, 2, 'final', 0)
  version_string: 3.9.2 (default, Mar 12 2021, 04:06:34)  [GCC 10.2.1 20210110]

***cpu_info***
  cpu_count: 4
  bits: 32bit
  processor: aarch64
  cpu_desc: 
  serial_number: 1000000038a840b4
  hardware_desc: BCM2835
  model: Raspberry Pi 4 Model B Rev 1.5
  total_memory: 3705536
  memory_units: kB

***sd_info***
  manufacturer_id: 9f
  manufacturer: Unknown
  oem_id: 5449
  product_name: 00000
  product_revision: 0.0
  serial_number: 00000088
  manufacturer_date: 1/2022
  capacity: 7.3 GiB
  total_bytes: 7791968256

***distribution***
  name: Raspbian GNU/Linux 11 (bullseye)
  id: raspbian
  version: 11
  version_parts: {'major': '11', 'minor': '', 'build_number': ''}
  like: debian
  codename: bullseye
  release_info: {'name': 'MainsailOS', 'version_id': '1.2.1', 'codename': 'bullseye', 'id': 'mainsailos'}

***virtualization***
  virt_type: none
  virt_identifier: none

***network***

***canbus***

***Allowed Services***
  klipper_mcu
  webcamd
  MoonCord
  KlipperScreen
  moonraker-telegram-bot
  moonraker-obico
  sonar
  crowsnest
  octoeverywhere
  ratos-configurator

Systemd unit moonraker.service:
unit_name: moonraker.service
is_default: True
manager: systemd
Properties:
**Requires=['system.slice', 'sysinit.target', 'network-online.target']
**After=['network-online.target', 'sysinit.target', 'systemd-journald.socket', 'system.slice', 'basic.target', 'klipper.service']
**SupplementaryGroups=['moonraker-admin']
**EnvironmentFiles=/home/pi/printer_data/systemd/moonraker.env
**ExecStart=/home/pi/moonraker-env/bin/python $MOONRAKER_ARGS
**WorkingDirectory=
**FragmentPath=/etc/systemd/system/moonraker.service
**Description=API Server for Klipper SV1
**User=pi

Systemd unit klipper.service:
unit_name: klipper.service
is_default: True
manager: systemd
Properties:
**Requires=['-.mount', 'sysinit.target', 'system.slice']
**After=['network-online.target', 'sysinit.target', 'systemd-journald.socket', 'system.slice', 'basic.target', '-.mount']
**SupplementaryGroups=[]
**EnvironmentFiles=/home/pi/printer_data/systemd/klipper.env
**ExecStart=/home/pi/klippy-env/bin/python $KLIPPER_ARGS
**WorkingDirectory=/home/pi/klipper
**FragmentPath=/etc/systemd/system/klipper.service
**Description=Klipper 3D Printer Firmware SV1
**User=pi
CPU Throttled Flags: ['Previously Under-Volted', 'Previously Throttled']
Git Repo moonraker: Warnings detected:
  Repo has untracked source files: ['moonraker/components/timelapse.py']
Git Repo klipper: No warnings detected
Git Repo KlipperScreen: No warnings detected
Git Repo timelapse: No warnings detected
Git Repo crowsnest: No warnings detected
Klipper Version: v0.12.0-10-gea2f6bc0-dirty
2023-11-24 06:23:04,138 [authorization.py:_check_trusted_connection()] - Trusted Connection Detected, IP: 127.0.0.1
2023-11-24 06:23:04,155 [app.py:log_request()] - 101 GET /websocket?token=RUBMEWHYQB5K3DSLY4UG66MXYGW7SVME (127.0.0.1) [_TRUSTED_USER_] 2.14ms
2023-11-24 06:23:04,156 [websockets.py:open()] - Websocket Opened: ID: 3893141712, Proxied: False, User Agent: , Host Name: 127.0.0.1
2023-11-24 06:23:04,765 [file_manager.py:get_file_list()] - Updating File List <gcodes>...
2023-11-24 06:23:12,936 [authorization.py:_check_trusted_connection()] - Trusted Connection Detected, IP: 192.168.4.59
2023-11-24 06:23:12,939 [app.py:log_request()] - 101 GET /websocket (192.168.4.59) [_TRUSTED_USER_] 4.38ms
2023-11-24 06:23:12,940 [websockets.py:open()] - Websocket Opened: ID: 3893151536, Proxied: False, User Agent: HomeAssistant/2023.11.3 aiohttp/3.8.5 Python/3.11, Host Name: 192.168.4.32
2023-11-24 06:26:31,494 [app.py:prepare()] - Upload Request Received from 192.168.4.30
Content-Type: multipart/form-data; boundary=----WebKitFormBoundaryxxKPmSgHkMtDcBLB
2023-11-24 06:26:31,502 [app.py:post()] - Processing Uploaded File: start_print.cfg
2023-11-24 06:26:31,516 [app.py:log_request()] - 201 POST /server/files/upload (192.168.4.30) [_TRUSTED_USER_] 29.42ms
2023-11-24 06:26:32,656 [klippy_connection.py:_on_connection_closed()] - Klippy Connection Removed
2023-11-24 06:26:32,685 [common.py:build_error()] - JSON-RPC Request Error - Requested Method: printer.info, Code: 503, Message: Klippy Host not connected
2023-11-24 06:26:33,665 [klippy_connection.py:_do_connect()] - Klippy Connection Established
2023-11-24 06:26:35,925 [klippy_connection.py:_request_initial_subscriptions()] - Webhooks Subscribed
2023-11-24 06:26:35,926 [klippy_connection.py:_request_initial_subscriptions()] - GCode Output Subscribed
2023-11-24 06:26:36,176 [job_state.py:_handle_started()] - Job state initialized: standby
2023-11-24 06:26:36,454 [klippy_connection.py:_check_ready()] - Klippy ready
2023-11-24 06:26:36,530 [file_manager.py:get_file_list()] - Updating File List <gcodes>...
2023-11-24 06:26:36,933 [data_store.py:_init_sensors()] - Configuring available sensors: ['temperature_sensor Raspberry_Pi_4', 'temperature_sensor Octopus_MCU', 'heater_bed', 'temperature_fan Electronics_Fan', 'extruder']
2023-11-24 06:27:20,695 [server.py:add_log_rollover_item()] - CPU Throttled Flags: ['Under-Voltage Detected', 'Currently Throttled', 'Previously Under-Volted', 'Previously Throttled']
2023-11-24 06:31:55,873 [klippy_connection.py:_on_connection_closed()] - Klippy Connection Removed
2023-11-24 06:31:55,930 [common.py:build_error()] - JSON-RPC Request Error - Requested Method: printer.info, Code: 503, Message: Klippy Host not connected
2023-11-24 06:31:56,630 [klippy_connection.py:_do_connect()] - Klippy Connection Established
2023-11-24 06:31:56,938 [klippy_connection.py:_request_initial_subscriptions()] - Webhooks Subscribed
2023-11-24 06:31:56,940 [klippy_connection.py:_request_initial_subscriptions()] - GCode Output Subscribed
2023-11-24 06:31:56,942 [klippy_connection.py:_check_ready()] - 
Include file '/home/pi/printer_data/config/shell_command.cfg' does not exist

Once the underlying issue is corrected, use the "RESTART"
command to reload the config and restart the host software.
Printer is halted

2023-11-24 06:31:59,450 [file_manager.py:get_file_list()] - Updating File List <gcodes>...
2023-11-24 06:34:32,848 [klippy_connection.py:_on_connection_closed()] - Klippy Connection Removed
2023-11-24 06:34:32,883 [common.py:build_error()] - JSON-RPC Request Error - Requested Method: printer.info, Code: 503, Message: Klippy Host not connected
2023-11-24 06:34:34,111 [klippy_connection.py:_do_connect()] - Klippy Connection Established
2023-11-24 06:34:36,524 [file_manager.py:get_file_list()] - Updating File List <gcodes>...
2023-11-24 06:34:36,679 [klippy_connection.py:_request_initial_subscriptions()] - Webhooks Subscribed
2023-11-24 06:34:36,682 [klippy_connection.py:_request_initial_subscriptions()] - GCode Output Subscribed
2023-11-24 06:34:36,930 [job_state.py:_handle_started()] - Job state initialized: standby
2023-11-24 06:34:37,193 [klippy_connection.py:_check_ready()] - Klippy ready
2023-11-24 06:34:37,682 [data_store.py:_init_sensors()] - Configuring available sensors: ['temperature_sensor Raspberry_Pi_4', 'temperature_sensor Octopus_MCU', 'heater_bed', 'temperature_fan Electronics_Fan', 'extruder']
